<?xml version="1.0" encoding="UTF-8"?>
<Site BuildName="(empty)"
	BuildStamp="20230305-1159-Experimental"
	Name="(empty)"
	Generator="ctest-3.25.2"
	CompilerName=""
	CompilerVersion=""
	OSName="Linux"
	Hostname="manjaro-kde"
	OSRelease="6.1.12-1-MANJARO"
	OSVersion="#1 SMP PREEMPT_DYNAMIC Tue Feb 14 21:59:10 UTC 2023"
	OSPlatform="x86_64"
	Is64Bits="1"
	VendorString="AuthenticAMD"
	VendorID="Advanced Micro Devices"
	FamilyID="25"
	ModelID="80"
	ProcessorCacheSize="512"
	NumberOfLogicalCPU="16"
	NumberOfPhysicalCPU="8"
	TotalVirtualMemory="0"
	TotalPhysicalMemory="13831"
	LogicalProcessorsPerPhysical="2"
	ProcessorClockFrequency="4007.07"
	>
	<Testing>
		<StartDateTime>Mar 05 20:00 CST</StartDateTime>
		<StartTestTime>1678017618</StartTestTime>
		<TestList>
			<Test>./appstreamtest</Test>
		</TestList>
		<Test Status="passed">
			<Name>appstreamtest</Name>
			<Path>.</Path>
			<FullName>./appstreamtest</FullName>
			<FullCommandLine>/usr/bin/cmake "-DAPPSTREAMCLI=/usr/bin/appstreamcli" "-DINSTALL_FILES=/home/zbs/桌面/local/kde/helloworld/build/install_manifest.txt" "-P" "/usr/share/ECM/kde-modules/appstreamtest.cmake"</FullCommandLine>
			<Results>
				<NamedMeasurement type="numeric/double" name="Execution Time">
					<Value>0.00508851</Value>
				</NamedMeasurement>
				<NamedMeasurement type="numeric/double" name="Processors">
					<Value>1</Value>
				</NamedMeasurement>
				<NamedMeasurement type="text/string" name="Completion Status">
					<Value>Completed</Value>
				</NamedMeasurement>
				<NamedMeasurement type="text/string" name="Command Line">
					<Value>/usr/bin/cmake "-DAPPSTREAMCLI=/usr/bin/appstreamcli" "-DINSTALL_FILES=/home/zbs/桌面/local/kde/helloworld/build/install_manifest.txt" "-P" "/usr/share/ECM/kde-modules/appstreamtest.cmake"</Value>
				</NamedMeasurement>
				<NamedMeasurement type="text/string" name="Environment">
					<Value>#CTEST_RESOURCE_GROUP_COUNT=</Value>
				</NamedMeasurement>
				<Measurement>
					<Value>Not installed yet, skipping
</Value>
				</Measurement>
			</Results>
		</Test>
		<EndDateTime>Mar 05 20:00 CST</EndDateTime>
		<EndTestTime>1678017618</EndTestTime>
		<ElapsedMinutes>0</ElapsedMinutes>
	</Testing>
</Site>
